mode: set
github.com/kgibilterra/high5-api/mux/handlers.go:15.59,18.61 3 0
github.com/kgibilterra/high5-api/mux/handlers.go:18.61,19.13 1 0
github.com/kgibilterra/high5-api/mux/handlers.go:23.58,27.2 3 0
github.com/kgibilterra/high5-api/mux/handlers.go:29.59,32.16 3 0
github.com/kgibilterra/high5-api/mux/handlers.go:35.2,35.39 1 0
github.com/kgibilterra/high5-api/mux/handlers.go:38.2,38.56 1 0
github.com/kgibilterra/high5-api/mux/handlers.go:46.2,49.53 4 0
github.com/kgibilterra/high5-api/mux/handlers.go:32.16,33.13 1 0
github.com/kgibilterra/high5-api/mux/handlers.go:35.39,36.13 1 0
github.com/kgibilterra/high5-api/mux/handlers.go:38.56,41.56 3 0
github.com/kgibilterra/high5-api/mux/handlers.go:41.56,42.14 1 0
github.com/kgibilterra/high5-api/mux/handlers.go:49.53,50.13 1 0
github.com/kgibilterra/high5-api/mux/logger.go:9.59,10.71 1 0
github.com/kgibilterra/high5-api/mux/logger.go:10.71,21.3 3 0
github.com/kgibilterra/high5-api/mux/repo.go:9.13,12.2 2 1
github.com/kgibilterra/high5-api/mux/repo.go:14.40,15.30 1 0
github.com/kgibilterra/high5-api/mux/repo.go:21.2,21.19 1 0
github.com/kgibilterra/high5-api/mux/repo.go:15.30,16.17 1 0
github.com/kgibilterra/high5-api/mux/repo.go:16.17,18.4 1 0
github.com/kgibilterra/high5-api/mux/repo.go:24.46,29.2 4 1
github.com/kgibilterra/high5-api/mux/repo.go:31.40,32.30 1 0
github.com/kgibilterra/high5-api/mux/repo.go:38.2,38.75 1 0
github.com/kgibilterra/high5-api/mux/repo.go:32.30,33.17 1 0
github.com/kgibilterra/high5-api/mux/repo.go:33.17,36.4 2 0
github.com/kgibilterra/high5-api/mux/router.go:9.30,12.31 2 0
github.com/kgibilterra/high5-api/mux/router.go:24.2,24.15 1 0
github.com/kgibilterra/high5-api/mux/router.go:12.31,23.3 4 0
